Determining if the pthread_create exist failed with the following output:
Change Dir: /home/irvinghe/TD3Nav/DRL-robot-navigation/catkin_ws/build_isolated/velodyne_description/CMakeFiles/CMakeTmp

Run Build Command:"/usr/bin/make" "cmTC_1cd4e/fast"
/usr/bin/make -f CMakeFiles/cmTC_1cd4e.dir/build.make CMakeFiles/cmTC_1cd4e.dir/build
make[1]: 进入目录“/home/irvinghe/TD3Nav/DRL-robot-navigation/catkin_ws/build_isolated/velodyne_description/CMakeFiles/CMakeTmp”
Building C object CMakeFiles/cmTC_1cd4e.dir/CheckSymbolExists.c.o
/usr/bin/cc    -o CMakeFiles/cmTC_1cd4e.dir/CheckSymbolExists.c.o   -c /home/irvinghe/TD3Nav/DRL-robot-navigation/catkin_ws/build_isolated/velodyne_description/CMakeFiles/CMakeTmp/CheckSymbolExists.c
Linking C executable cmTC_1cd4e
/usr/bin/cmake -E cmake_link_script CMakeFiles/cmTC_1cd4e.dir/link.txt --verbose=1
/usr/bin/cc      -rdynamic CMakeFiles/cmTC_1cd4e.dir/CheckSymbolExists.c.o  -o cmTC_1cd4e 
CMakeFiles/cmTC_1cd4e.dir/CheckSymbolExists.c.o：在函数‘main’中：
CheckSymbolExists.c:(.text+0x1b)：对‘pthread_create’未定义的引用
collect2: error: ld returned 1 exit status
CMakeFiles/cmTC_1cd4e.dir/build.make:97: recipe for target 'cmTC_1cd4e' failed
make[1]: *** [cmTC_1cd4e] Error 1
make[1]: 离开目录“/home/irvinghe/TD3Nav/DRL-robot-navigation/catkin_ws/build_isolated/velodyne_description/CMakeFiles/CMakeTmp”
Makefile:126: recipe for target 'cmTC_1cd4e/fast' failed
make: *** [cmTC_1cd4e/fast] Error 2

File /home/irvinghe/TD3Nav/DRL-robot-navigation/catkin_ws/build_isolated/velodyne_description/CMakeFiles/CMakeTmp/CheckSymbolExists.c:
/* */
#include <pthread.h>

int main(int argc, char** argv)
{
  (void)argv;
#ifndef pthread_create
  return ((int*)(&pthread_create))[argc];
#else
  (void)argc;
  return 0;
#endif
}

Determining if the function pthread_create exists in the pthreads failed with the following output:
Change Dir: /home/irvinghe/TD3Nav/DRL-robot-navigation/catkin_ws/build_isolated/velodyne_description/CMakeFiles/CMakeTmp

Run Build Command:"/usr/bin/make" "cmTC_806d1/fast"
/usr/bin/make -f CMakeFiles/cmTC_806d1.dir/build.make CMakeFiles/cmTC_806d1.dir/build
make[1]: 进入目录“/home/irvinghe/TD3Nav/DRL-robot-navigation/catkin_ws/build_isolated/velodyne_description/CMakeFiles/CMakeTmp”
Building C object CMakeFiles/cmTC_806d1.dir/CheckFunctionExists.c.o
/usr/bin/cc   -DCHECK_FUNCTION_EXISTS=pthread_create   -o CMakeFiles/cmTC_806d1.dir/CheckFunctionExists.c.o   -c /usr/share/cmake-3.10/Modules/CheckFunctionExists.c
Linking C executable cmTC_806d1
/usr/bin/cmake -E cmake_link_script CMakeFiles/cmTC_806d1.dir/link.txt --verbose=1
/usr/bin/cc  -DCHECK_FUNCTION_EXISTS=pthread_create    -rdynamic CMakeFiles/cmTC_806d1.dir/CheckFunctionExists.c.o  -o cmTC_806d1 -lpthreads 
/usr/bin/ld: 找不到 -lpthreads
collect2: error: ld returned 1 exit status
CMakeFiles/cmTC_806d1.dir/build.make:97: recipe for target 'cmTC_806d1' failed
make[1]: *** [cmTC_806d1] Error 1
make[1]: 离开目录“/home/irvinghe/TD3Nav/DRL-robot-navigation/catkin_ws/build_isolated/velodyne_description/CMakeFiles/CMakeTmp”
Makefile:126: recipe for target 'cmTC_806d1/fast' failed
make: *** [cmTC_806d1/fast] Error 2


